Grammar

    0 $accept: S $end

    1 S: /* empty */
    2  | 'a' S 'b'


Terminals, with rules where they appear

$end (0) 0
'a' (97) 2
'b' (98) 2
error (256)


Nonterminals, with rules where they appear

$accept (5)
    on left: 0
S (6)
    on left: 1 2, on right: 0 2


state 0

    0 $accept: . S $end

    'a'  shift, and go to state 1

    $default  reduce using rule 1 (S)

    S  go to state 2


state 1

    2 S: 'a' . S 'b'

    'a'  shift, and go to state 1

    $default  reduce using rule 1 (S)

    S  go to state 3


state 2

    0 $accept: S . $end

    $end  shift, and go to state 4


state 3

    2 S: 'a' S . 'b'

    'b'  shift, and go to state 5


state 4

    0 $accept: S $end .

    $default  accept


state 5

    2 S: 'a' S 'b' .

    $default  reduce using rule 2 (S)
